Ganache CLI v6.12.2 (ganache-core: 2.13.2)

Available Accounts
==================
(0) 0x2b77020bA26f8efa26f3D0a1a4a1ba5da4FB006D (10000000 ETH)
(1) 0x81276911cf8d178E1b39C90dea35c62caF50FC30 (10000000 ETH)
(2) 0xdC2e5C90E3121e2Dd3Efb7d42e30C0A7495716e9 (10000000 ETH)
(3) 0xA3D3dcE2C42e015ab029Da9C450e5c389020A0AF (10000000 ETH)
(4) 0x6734d1eD63E050c9852e256B5bF0b2E5749e6929 (10000000 ETH)
(5) 0xDD10B638E9E9f6EdFC5585e33671FbD08791a011 (10000000 ETH)
(6) 0xB5C0c3499D6B7d0fCf3dd4b8013A3E4de5F8e38C (10000000 ETH)
(7) 0x077d4C84380965835FC0F1b68613fD93F5D15a18 (10000000 ETH)
(8) 0xfd92b149930935F36e475F35ce80f5412a3d9dF1 (10000000 ETH)
(9) 0x5959DBaE72731070Fa739E6259F6Da3364Ad488e (10000000 ETH)

Private Keys
==================
(0) 0x0cb54a0e1fbc336b1901fec57b055d4087d57e5953279dc78ecb2e8f651bb6f8
(1) 0x769389bd6a819495cc38d32a7e6104193097389e7a0a69c226d2f03d70e91a64
(2) 0xd958de82d5b4484a9041eaef104657417cef65949a92feaec460a02f8a284542
(3) 0x8fb04cd9ae64ce2b376c31176ebedc197562c21dac7f910438e8fe407308e06c
(4) 0x2dbd6dafd38b9ced110cbafc814ceea554daf9bfeb7c27a152d99a304cc1820f
(5) 0x51d8593059bd3488dba884953f2676d802350be199a81a140349045ad79b1985
(6) 0x85a9acb36830fd1688aa2aac02cdc702a18ea9a5cc5da4cc84cdd2c5fe9eb23e
(7) 0xf133ae9142102a752eb7626b649716ed6b869b0af2411648121b284b0268188b
(8) 0xcf0b976171e4deca10da61f0910256e083992b4e56d12d2f67f69e98483b3e9f
(9) 0x7e9c8fc67c65ccc12e263992192695deb197730b4616372596d4ef58296802f9

HD Wallet
==================
Mnemonic:      rabbit girl act baby daring struggle alone call stomach cart virus timber
Base HD Path:  m/44'/60'/0'/0/{account_index}

Gas Price
==================
20000000000

Gas Limit
==================
6721975

Call Gas Limit
==================
9007199254740991

Listening on 127.0.0.1:8545
eth_blockNumber
eth_blockNumber
net_version
net_version
eth_accounts
eth_accounts
eth_accounts
eth_getBlockByNumber
eth_accounts
net_version
eth_getBlockByNumber
eth_getBlockByNumber
net_version
eth_getBlockByNumber
eth_estimateGas
net_version
eth_blockNumber
eth_getBlockByNumber
eth_sendTransaction

  Transaction: 0x226a64259ed00499438a9355712445f5074119646dec52b2a498c812b6deb95f
  Contract created: 0x8fae3a2095f74b043f73e51a9ade9145bddc8889
  Gas usage: 1982787
  Block Number: 1
  Block Time: Tue Jan 26 2021 10:15:02 GMT+0200 (Eastern European Standard Time)

eth_getTransactionReceipt
eth_getCode
eth_getBlockByNumber
eth_accounts
net_version
eth_getBlockByNumber
eth_getBlockByNumber
net_version
eth_getBlockByNumber
eth_estimateGas
net_version
eth_blockNumber
eth_getBlockByNumber
eth_sendTransaction

  Transaction: 0xdda6b52035cbf0c876e08fe49d97fa2cca029537ed8ab48fc4ba68f75d7fcd98
  Contract created: 0x9a4a1a00dbbf347d82eb4b5ad11b77b974cc272e
  Gas usage: 677272
  Block Number: 2
  Block Time: Tue Jan 26 2021 10:15:03 GMT+0200 (Eastern European Standard Time)

eth_getTransactionReceipt
eth_getCode
eth_getBlockByNumber
eth_accounts
net_version
eth_getBlockByNumber
eth_getBlockByNumber
net_version
eth_getBlockByNumber
eth_estimateGas
net_version
eth_blockNumber
eth_getBlockByNumber
eth_sendTransaction

  Transaction: 0x27b56635d95ffa84c344b9e5a1b8d1e94ced5b015c9dc694d47b92846c464094
  Contract created: 0xdedfcf4ba08f6b06395c20cbb15786cbe5af8b57
  Gas usage: 1769277
  Block Number: 3
  Block Time: Tue Jan 26 2021 10:15:03 GMT+0200 (Eastern European Standard Time)

eth_getTransactionReceipt
eth_getCode
eth_getBlockByNumber
eth_accounts
eth_getBlockByNumber
eth_getBlockByNumber
eth_sendTransaction

  Transaction: 0x29e6b374c29988a4ed18859a9a91b4cf2c3d54ed1b90b824e53348f8a24531b2
  Gas usage: 44763
  Block Number: 4
  Block Time: Tue Jan 26 2021 10:15:03 GMT+0200 (Eastern European Standard Time)

eth_getTransactionReceipt
eth_getBlockByNumber
eth_getBlockByNumber
eth_accounts
eth_getBlockByNumber
eth_getBlockByNumber
eth_getBlockByNumber
eth_getBlockByNumber
eth_getBlockByNumber
eth_blockNumber
eth_blockNumber
net_version
net_version
eth_accounts
eth_accounts
eth_accounts
eth_getBlockByNumber
eth_accounts
net_version
eth_getBlockByNumber
eth_getBlockByNumber
net_version
eth_getBlockByNumber
eth_estimateGas
net_version
eth_blockNumber
eth_getBlockByNumber
eth_sendTransaction

  Transaction: 0x40ec9aaee444bdb102a59c9afd50e56ae85d3dbcadca7d63fc742dd7d7b89b27
  Contract created: 0x8595163e50369e9a62f31d516d8008773febac51
  Gas usage: 1982787
  Block Number: 5
  Block Time: Tue Jan 26 2021 10:16:00 GMT+0200 (Eastern European Standard Time)

eth_getTransactionReceipt
eth_getCode
eth_getBlockByNumber
eth_accounts
net_version
eth_getBlockByNumber
eth_getBlockByNumber
net_version
eth_getBlockByNumber
eth_estimateGas
net_version
eth_blockNumber
eth_getBlockByNumber
eth_sendTransaction

  Transaction: 0x70fd65cb7867e9a425f45cb8fe139d48878075ea40822ab7f26029731456b06d
  Contract created: 0xea8c51f238f276f5806dcddecc28bf72d426805b
  Gas usage: 677272
  Block Number: 6
  Block Time: Tue Jan 26 2021 10:16:00 GMT+0200 (Eastern European Standard Time)

eth_getTransactionReceipt
eth_getCode
eth_getBlockByNumber
eth_accounts
net_version
eth_getBlockByNumber
eth_getBlockByNumber
net_version
eth_getBlockByNumber
eth_estimateGas
net_version
eth_blockNumber
eth_getBlockByNumber
eth_sendTransaction

  Transaction: 0x7a1276f654d4c452536efbab4ab342540b77e7a30ab55f5cb294f38642ba2d07
  Contract created: 0xd100c5bf3531d247c7730d3669e36f966c16592e
  Gas usage: 1769289
  Block Number: 7
  Block Time: Tue Jan 26 2021 10:16:01 GMT+0200 (Eastern European Standard Time)

eth_getTransactionReceipt
eth_getCode
eth_getBlockByNumber
eth_accounts
eth_getBlockByNumber
eth_getBlockByNumber
eth_sendTransaction

  Transaction: 0x82c1af19ed47e409417f880b729253b39ae33c8793001005d3546cb94a7c2521
  Gas usage: 44763
  Block Number: 8
  Block Time: Tue Jan 26 2021 10:16:01 GMT+0200 (Eastern European Standard Time)

eth_getTransactionReceipt
eth_getBlockByNumber
eth_accounts
eth_getBlockByNumber
eth_getBlockByNumber
eth_getBlockByNumber
eth_getBlockByNumber
eth_blockNumber
eth_blockNumber
net_version
net_version
eth_accounts
eth_accounts
eth_accounts
eth_getBlockByNumber
eth_accounts
net_version
eth_getBlockByNumber
eth_getBlockByNumber
net_version
eth_getBlockByNumber
eth_estimateGas
net_version
eth_blockNumber
eth_getBlockByNumber
eth_sendTransaction

  Transaction: 0x7a08ebe4e68f3c80360cc01f4f5a12e11030c5015d53fdfb980e60a55a0cefee
  Contract created: 0xc0a1d36db9059b5b202b82199898f59a41642f96
  Gas usage: 1982787
  Block Number: 9
  Block Time: Tue Jan 26 2021 10:18:09 GMT+0200 (Eastern European Standard Time)

eth_getTransactionReceipt
eth_getCode
eth_getBlockByNumber
eth_accounts
net_version
eth_getBlockByNumber
eth_getBlockByNumber
net_version
eth_getBlockByNumber
eth_estimateGas
net_version
eth_blockNumber
eth_getBlockByNumber
eth_sendTransaction

  Transaction: 0x2bd35a1185ba18bba3521d05aa713da0e5781bd7651b4874170d5a86c3c966fd
  Contract created: 0xc51c2a18bb7358cb6f023e43fd03826db3900190
  Gas usage: 677272
  Block Number: 10
  Block Time: Tue Jan 26 2021 10:18:10 GMT+0200 (Eastern European Standard Time)

eth_getTransactionReceipt
eth_getCode
eth_getBlockByNumber
eth_accounts
net_version
eth_getBlockByNumber
eth_getBlockByNumber
net_version
eth_getBlockByNumber
eth_estimateGas
net_version
eth_blockNumber
eth_getBlockByNumber
eth_sendTransaction

  Transaction: 0xc11644bae583f5e2ad33f49343bdfd5de9d67831af907b9fb1659da3588609fb
  Contract created: 0x6b4fe638787722bdcf2918ae373cb58c1c4115f2
  Gas usage: 1769289
  Block Number: 11
  Block Time: Tue Jan 26 2021 10:18:10 GMT+0200 (Eastern European Standard Time)

eth_getTransactionReceipt
eth_getCode
eth_getBlockByNumber
eth_accounts
eth_getBlockByNumber
eth_getBlockByNumber
eth_sendTransaction

  Transaction: 0x07ec9673f1e8dd84526d17cbd54415b901ad09a96e09da0639c937b213aba4c2
  Gas usage: 44775
  Block Number: 12
  Block Time: Tue Jan 26 2021 10:18:10 GMT+0200 (Eastern European Standard Time)

eth_getTransactionReceipt
eth_getBlockByNumber
eth_accounts
eth_getBlockByNumber
eth_getBlockByNumber
eth_sendTransaction

  Transaction: 0xab352aa08d171cecf6dae3bdeb003a24d9427daacc24683927ee860e975aa50e
  Contract created: 0x5bd7e8047646e91055810c7c44d1f2779c2c8639
  Gas usage: 1982799
  Block Number: 13
  Block Time: Tue Jan 26 2021 10:18:10 GMT+0200 (Eastern European Standard Time)

eth_getTransactionReceipt
eth_getCode
eth_getBlockByNumber
eth_sendTransaction
eth_getBlockByNumber

  Transaction: 0x3df5dfeda7717706c3288b244d47d96f50e432a89bd0ff1c0ae352046fc57ee2
  Contract created: 0x4b4dc3427f2cbdff74c344aca72ad88b48001262
  Gas usage: 677272
  Block Number: 14
  Block Time: Tue Jan 26 2021 10:18:11 GMT+0200 (Eastern European Standard Time)

eth_getTransactionReceipt
eth_getBlockByNumber
eth_getCode
eth_getBlockByNumber
eth_sendTransaction

  Transaction: 0x92b67d621783f0922a30059ed22a97e746960163664f0ac7092e6fd476b6c608
  Contract created: 0x458de93f35d87e976bb4b620cd5c7f81d32f1a05
  Gas usage: 1769277
  Block Number: 15
  Block Time: Tue Jan 26 2021 10:18:11 GMT+0200 (Eastern European Standard Time)

eth_getTransactionReceipt
eth_getCode
eth_getBlockByNumber
eth_call
eth_blockNumber
eth_blockNumber
net_version
net_version
eth_accounts
eth_accounts
eth_accounts
eth_getBlockByNumber
eth_accounts
net_version
eth_getBlockByNumber
eth_getBlockByNumber
net_version
eth_getBlockByNumber
eth_estimateGas
net_version
eth_blockNumber
eth_getBlockByNumber
eth_sendTransaction

  Transaction: 0x349a0a688e1b2ee5112de15841c1cd82878cb51112b48324724dccbdc3d994bf
  Contract created: 0x04dfde70227c1b2059bb999840818e87b57519a9
  Gas usage: 1982787
  Block Number: 16
  Block Time: Tue Jan 26 2021 10:19:58 GMT+0200 (Eastern European Standard Time)

eth_getTransactionReceipt
eth_getCode
eth_getBlockByNumber
eth_accounts
net_version
eth_getBlockByNumber
eth_getBlockByNumber
net_version
eth_getBlockByNumber
eth_estimateGas
net_version
eth_blockNumber
eth_getBlockByNumber
eth_sendTransaction

  Transaction: 0xbd991aa6c25b95a1f930f831745123491490617fce974ddc9650d8055d241677
  Contract created: 0xa20f2f6f7a6674740bdef2d778bcbda463e8a9f8
  Gas usage: 677272
  Block Number: 17
  Block Time: Tue Jan 26 2021 10:19:58 GMT+0200 (Eastern European Standard Time)

eth_getTransactionReceipt
eth_getCode
eth_getBlockByNumber
eth_accounts
net_version
eth_getBlockByNumber
eth_getBlockByNumber
net_version
eth_getBlockByNumber
eth_estimateGas
net_version
eth_blockNumber
eth_getBlockByNumber
eth_sendTransaction

  Transaction: 0xe10689be6d47cc2c449664b760579d933b5d8f332255f639c04ef13d6d3a3d1c
  Contract created: 0xa35d25b966c37f4c4719bc10d53dadbde6add0ad
  Gas usage: 1769289
  Block Number: 18
  Block Time: Tue Jan 26 2021 10:19:58 GMT+0200 (Eastern European Standard Time)

eth_getTransactionReceipt
eth_getCode
eth_getBlockByNumber
eth_accounts
eth_getBlockByNumber
eth_getBlockByNumber
eth_sendTransaction

  Transaction: 0xb145968e87fe09529bef8e8e93d4e053a74379ecb7c6ab8ee926a6af2b3d65fc
  Gas usage: 44775
  Block Number: 19
  Block Time: Tue Jan 26 2021 10:19:59 GMT+0200 (Eastern European Standard Time)

eth_getTransactionReceipt
eth_getBlockByNumber
eth_accounts
eth_getBlockByNumber
eth_getBlockByNumber
eth_sendTransaction

  Transaction: 0xb49065bf3475741d4ecc9555295223b1cdb7fb758c8bb7094ac2c1ca13d0d9bd
  Contract created: 0xc8ea6b703f4a70d8bd46cde685908c1f7ad76420
  Gas usage: 1982799
  Block Number: 20
  Block Time: Tue Jan 26 2021 10:19:59 GMT+0200 (Eastern European Standard Time)

eth_getTransactionReceipt
eth_getCode
eth_getBlockByNumber
eth_sendTransaction

  Transaction: 0xa7943cd7ccd9deaf82c8f5b463e71584f6f2e5e8fd08d53a9ce6d43b39367dfe
  Contract created: 0x222cd9bade23a03fb5f364a6bb4fa041907ebc16
  Gas usage: 677272
  Block Number: 21
  Block Time: Tue Jan 26 2021 10:19:59 GMT+0200 (Eastern European Standard Time)

eth_getTransactionReceipt
eth_getCode
eth_getBlockByNumber
eth_sendTransaction
eth_getBlockByNumber

  Transaction: 0x4fe9e65d135fb48dbaaec460170d1a913dee65da19a9a57bfbded2c7479ffe3e
  Contract created: 0x1c6b62ba0dfe662a60226cad3f977582a8aa71ee
  Gas usage: 1769289
  Block Number: 22
  Block Time: Tue Jan 26 2021 10:19:59 GMT+0200 (Eastern European Standard Time)

eth_getTransactionReceipt
eth_getBlockByNumber
eth_getCode
eth_getBlockByNumber
eth_sendTransaction

  Transaction: 0xeb6afead1b0f5898565e4a2218e94decad8592eb1a9a04d51071b4a30dd802da
  Gas usage: 44775
  Block Number: 23
  Block Time: Tue Jan 26 2021 10:19:59 GMT+0200 (Eastern European Standard Time)

eth_getTransactionReceipt
eth_getBlockByNumber
eth_call
